<?xml version="1.0" encoding="UTF-8" standalone="no"?>
<!DOCTYPE log SYSTEM "logger.dtd">
<log>
<record>
  <date>2021-11-12T11:14:33</date>
  <millis>1636704873254</millis>
  <sequence>40350</sequence>
  <level>END</level>
  <class>com.kms.katalon.core.logging.XmlKeywordLogger</class>
  <method>endKeyword</method>
  <thread>1</thread>
  <message>End End action : Yönetim popupında Evet seçilir</message>
  <nestedLevel>2</nestedLevel>
  <escapedJava>false</escapedJava>
  <property name="BDD_STEP_DURATION">729030800</property>
  <property name="BDD_STEP_STATUS">passed</property>
</record>
<record>
  <date>2021-11-12T11:14:33</date>
  <millis>1636704873255</millis>
  <sequence>40351</sequence>
  <level>START</level>
  <class>com.kms.katalon.core.logging.XmlKeywordLogger</class>
  <method>startKeyword</method>
  <thread>1</thread>
  <message>Start action : Popup mesajı oluşmuştur içeriyor mu</message>
  <nestedLevel>2</nestedLevel>
  <escapedJava>false</escapedJava>
  <property name="BDD_STEP_LINE">26</property>
  <property name="BDD_STEP_NAME">Popup mesajı oluşmuştur içeriyor mu</property>
  <property name="BDD_STEP_KEYWORD">* </property>
  <property name="BDD_STEP_UUID">344d415c-c107-48ae-8c17-ec6e7aa743a9</property>
</record>
<record>
  <date>2021-11-12T11:14:33</date>
  <millis>1636704873256</millis>
  <sequence>40353</sequence>
  <level>PASSED</level>
  <class>com.kms.katalon.core.logging.XmlKeywordLogger</class>
  <method>logMessage</method>
  <thread>1</thread>
  <message>Popup mesajı oluşmuştur içeriyor mu</message>
  <nestedLevel>2</nestedLevel>
  <escapedJava>false</escapedJava>
  <property name="testops-method-name">com.kms.katalon.core.keyword.internal.KeywordMain$runKeyword.call</property>
  <property name="testops-execution-stacktrace">com.kms.katalon.core.logging.KeywordLogger.logPassed(KeywordLogger.java:330)
com.kms.katalon.core.logging.KeywordLogger.logPassed(KeywordLogger.java:324)
cucumber.runtime.formatter.CucumberReporter.logResult(CucumberReporter.java:487)
cucumber.runtime.formatter.CucumberReporter.handleTestStepFinished(CucumberReporter.java:248)
cucumber.runtime.formatter.CucumberReporter.access$3(CucumberReporter.java:242)
cucumber.runtime.formatter.CucumberReporter$4.receive(CucumberReporter.java:87)
cucumber.runtime.formatter.CucumberReporter$4.receive(CucumberReporter.java:1)
cucumber.runner.AbstractEventPublisher.send(AbstractEventPublisher.java:45)
cucumber.runner.AbstractEventPublisher.sendAll(AbstractEventPublisher.java:52)
cucumber.runner.CanonicalOrderEventPublisher.handle(CanonicalOrderEventPublisher.java:18)
cucumber.runtime.formatter.Plugins$1.receive(Plugins.java:55)
cucumber.runner.AbstractEventPublisher.send(AbstractEventPublisher.java:38)
cucumber.runner.AbstractEventBus.send(AbstractEventBus.java:9)
cucumber.runner.TimeServiceEventBus.send(TimeServiceEventBus.java:3)
cucumber.runtime.Runtime.run(Runtime.java:98)
cucumber.api.cli.Main.run(Main.java:26)
cucumber.api.cli.Main$run.call(Unknown Source)
com.kms.katalon.core.cucumber.keyword.CucumberBuiltinKeywords$_runFeatureFile_closure1.doCall(CucumberBuiltinKeywords.groovy:106)
com.kms.katalon.core.cucumber.keyword.CucumberBuiltinKeywords$_runFeatureFile_closure1.doCall(CucumberBuiltinKeywords.groovy)
com.kms.katalon.core.keyword.internal.KeywordMain.runKeyword(KeywordMain.groovy:68)
com.kms.katalon.core.keyword.internal.KeywordMain$runKeyword.call(Unknown Source)
com.kms.katalon.core.cucumber.keyword.CucumberBuiltinKeywords.runFeatureFile(CucumberBuiltinKeywords.groovy:73)
com.kms.katalon.core.cucumber.keyword.CucumberBuiltinKeywords$runFeatureFile$0.callStatic(Unknown Source)
com.kms.katalon.core.cucumber.keyword.CucumberBuiltinKeywords.runFeatureFile(CucumberBuiltinKeywords.groovy:246)
com.kms.katalon.core.cucumber.keyword.CucumberBuiltinKeywords$runFeatureFile.call(Unknown Source)
VKN-e-Serbest Meslek Makbuzu-Kagit.run(VKN-e-Serbest Meslek Makbuzu-Kagit:19)
</property>
</record>
<record>
  <date>2021-11-12T11:14:33</date>
  <millis>1636704873256</millis>
  <sequence>40354</sequence>
  <level>END</level>
  <class>com.kms.katalon.core.logging.XmlKeywordLogger</class>
  <method>endKeyword</method>
  <thread>1</thread>
  <message>End End action : Popup mesajı oluşmuştur içeriyor mu</message>
  <nestedLevel>2</nestedLevel>
  <escapedJava>false</escapedJava>
  <property name="BDD_STEP_DURATION">1639261600</property>
  <property name="BDD_STEP_STATUS">passed</property>
</record>
<record>
  <date>2021-11-12T11:14:33</date>
  <millis>1636704873256</millis>
  <sequence>40355</sequence>
  <level>START</level>
  <class>com.kms.katalon.core.logging.XmlKeywordLogger</class>
  <method>startKeyword</method>
  <thread>1</thread>
  <message>Start action : Yönetim popupında Tamam seçilir</message>
  <nestedLevel>2</nestedLevel>
  <escapedJava>false</escapedJava>
  <property name="BDD_STEP_LINE">27</property>
  <property name="BDD_STEP_NAME">Yönetim popupında Tamam seçilir</property>
  <property name="BDD_STEP_KEYWORD">* </property>
  <property name="BDD_STEP_UUID">ae72fd37-d8ea-4abd-94a0-f9959c926078</property>
</record>
<record>
  <date>2021-11-12T11:14:33</date>
  <millis>1636704873257</millis>
  <sequence>40357</sequence>
  <level>PASSED</level>
  <class>com.kms.katalon.core.logging.XmlKeywordLogger</class>
  <method>logMessage</method>
  <thread>1</thread>
  <message>Yönetim popupında Tamam seçilir</message>
  <nestedLevel>2</nestedLevel>
  <escapedJava>false</escapedJava>
  <property name="testops-method-name">com.kms.katalon.core.keyword.internal.KeywordMain$runKeyword.call</property>
  <property name="testops-execution-stacktrace">com.kms.katalon.core.logging.KeywordLogger.logPassed(KeywordLogger.java:330)
com.kms.katalon.core.logging.KeywordLogger.logPassed(KeywordLogger.java:324)
cucumber.runtime.formatter.CucumberReporter.logResult(CucumberReporter.java:487)
cucumber.runtime.formatter.CucumberReporter.handleTestStepFinished(CucumberReporter.java:248)
cucumber.runtime.formatter.CucumberReporter.access$3(CucumberReporter.java:242)
cucumber.runtime.formatter.CucumberReporter$4.receive(CucumberReporter.java:87)
cucumber.runtime.formatter.CucumberReporter$4.receive(CucumberReporter.java:1)
cucumber.runner.AbstractEventPublisher.send(AbstractEventPublisher.java:45)
cucumber.runner.AbstractEventPublisher.sendAll(AbstractEventPublisher.java:52)
cucumber.runner.CanonicalOrderEventPublisher.handle(CanonicalOrderEventPublisher.java:18)
cucumber.runtime.formatter.Plugins$1.receive(Plugins.java:55)
cucumber.runner.AbstractEventPublisher.send(AbstractEventPublisher.java:38)
cucumber.runner.AbstractEventBus.send(AbstractEventBus.java:9)
cucumber.runner.TimeServiceEventBus.send(TimeServiceEventBus.java:3)
cucumber.runtime.Runtime.run(Runtime.java:98)
cucumber.api.cli.Main.run(Main.java:26)
cucumber.api.cli.Main$run.call(Unknown Source)
com.kms.katalon.core.cucumber.keyword.CucumberBuiltinKeywords$_runFeatureFile_closure1.doCall(CucumberBuiltinKeywords.groovy:106)
com.kms.katalon.core.cucumber.keyword.CucumberBuiltinKeywords$_runFeatureFile_closure1.doCall(CucumberBuiltinKeywords.groovy)
com.kms.katalon.core.keyword.internal.KeywordMain.runKeyword(KeywordMain.groovy:68)
com.kms.katalon.core.keyword.internal.KeywordMain$runKeyword.call(Unknown Source)
com.kms.katalon.core.cucumber.keyword.CucumberBuiltinKeywords.runFeatureFile(CucumberBuiltinKeywords.groovy:73)
com.kms.katalon.core.cucumber.keyword.CucumberBuiltinKeywords$runFeatureFile$0.callStatic(Unknown Source)
com.kms.katalon.core.cucumber.keyword.CucumberBuiltinKeywords.runFeatureFile(CucumberBuiltinKeywords.groovy:246)
com.kms.katalon.core.cucumber.keyword.CucumberBuiltinKeywords$runFeatureFile.call(Unknown Source)
VKN-e-Serbest Meslek Makbuzu-Kagit.run(VKN-e-Serbest Meslek Makbuzu-Kagit:19)
</property>
</record>
<record>
  <date>2021-11-12T11:14:33</date>
  <millis>1636704873257</millis>
  <sequence>40358</sequence>
  <level>END</level>
  <class>com.kms.katalon.core.logging.XmlKeywordLogger</class>
  <method>endKeyword</method>
  <thread>1</thread>
  <message>End End action : Yönetim popupında Tamam seçilir</message>
  <nestedLevel>2</nestedLevel>
  <escapedJava>false</escapedJava>
  <property name="BDD_STEP_DURATION">537724800</property>
  <property name="BDD_STEP_STATUS">passed</property>
</record>
<record>
  <date>2021-11-12T11:14:33</date>
  <millis>1636704873257</millis>
  <sequence>40359</sequence>
  <level>START</level>
  <class>com.kms.katalon.core.logging.XmlKeywordLogger</class>
  <method>startKeyword</method>
  <thread>1</thread>
  <message>Start action : Tablodan Ettn bilgisi kaydedilen veri seçilir</message>
  <nestedLevel>2</nestedLevel>
  <escapedJava>false</escapedJava>
  <property name="BDD_STEP_LINE">28</property>
  <property name="BDD_STEP_NAME">Tablodan Ettn bilgisi kaydedilen veri seçilir</property>
  <property name="BDD_STEP_KEYWORD">* </property>
  <property name="BDD_STEP_UUID">50fa7bf8-69db-4820-a7a6-ffe4184f3c61</property>
</record>
<record>
  <date>2021-11-12T11:14:33</date>
  <millis>1636704873257</millis>
  <sequence>40361</sequence>
  <level>PASSED</level>
  <class>com.kms.katalon.core.logging.XmlKeywordLogger</class>
  <method>logMessage</method>
  <thread>1</thread>
  <message>Tablodan Ettn bilgisi kaydedilen veri seçilir</message>
  <nestedLevel>2</nestedLevel>
  <escapedJava>false</escapedJava>
  <property name="testops-method-name">com.kms.katalon.core.keyword.internal.KeywordMain$runKeyword.call</property>
  <property name="testops-execution-stacktrace">com.kms.katalon.core.logging.KeywordLogger.logPassed(KeywordLogger.java:330)
com.kms.katalon.core.logging.KeywordLogger.logPassed(KeywordLogger.java:324)
cucumber.runtime.formatter.CucumberReporter.logResult(CucumberReporter.java:487)
cucumber.runtime.formatter.CucumberReporter.handleTestStepFinished(CucumberReporter.java:248)
cucumber.runtime.formatter.CucumberReporter.access$3(CucumberReporter.java:242)
cucumber.runtime.formatter.CucumberReporter$4.receive(CucumberReporter.java:87)
cucumber.runtime.formatter.CucumberReporter$4.receive(CucumberReporter.java:1)
cucumber.runner.AbstractEventPublisher.send(AbstractEventPublisher.java:45)
cucumber.runner.AbstractEventPublisher.sendAll(AbstractEventPublisher.java:52)
cucumber.runner.CanonicalOrderEventPublisher.handle(CanonicalOrderEventPublisher.java:18)
cucumber.runtime.formatter.Plugins$1.receive(Plugins.java:55)
cucumber.runner.AbstractEventPublisher.send(AbstractEventPublisher.java:38)
cucumber.runner.AbstractEventBus.send(AbstractEventBus.java:9)
cucumber.runner.TimeServiceEventBus.send(TimeServiceEventBus.java:3)
cucumber.runtime.Runtime.run(Runtime.java:98)
cucumber.api.cli.Main.run(Main.java:26)
cucumber.api.cli.Main$run.call(Unknown Source)
com.kms.katalon.core.cucumber.keyword.CucumberBuiltinKeywords$_runFeatureFile_closure1.doCall(CucumberBuiltinKeywords.groovy:106)
com.kms.katalon.core.cucumber.keyword.CucumberBuiltinKeywords$_runFeatureFile_closure1.doCall(CucumberBuiltinKeywords.groovy)
com.kms.katalon.core.keyword.internal.KeywordMain.runKeyword(KeywordMain.groovy:68)
com.kms.katalon.core.keyword.internal.KeywordMain$runKeyword.call(Unknown Source)
com.kms.katalon.core.cucumber.keyword.CucumberBuiltinKeywords.runFeatureFile(CucumberBuiltinKeywords.groovy:73)
com.kms.katalon.core.cucumber.keyword.CucumberBuiltinKeywords$runFeatureFile$0.callStatic(Unknown Source)
com.kms.katalon.core.cucumber.keyword.CucumberBuiltinKeywords.runFeatureFile(CucumberBuiltinKeywords.groovy:246)
com.kms.katalon.core.cucumber.keyword.CucumberBuiltinKeywords$runFeatureFile.call(Unknown Source)
VKN-e-Serbest Meslek Makbuzu-Kagit.run(VKN-e-Serbest Meslek Makbuzu-Kagit:19)
</property>
</record>
<record>
  <date>2021-11-12T11:14:33</date>
  <millis>1636704873258</millis>
  <sequence>40362</sequence>
  <level>END</level>
  <class>com.kms.katalon.core.logging.XmlKeywordLogger</class>
  <method>endKeyword</method>
  <thread>1</thread>
  <message>End End action : Tablodan Ettn bilgisi kaydedilen veri seçilir</message>
  <nestedLevel>2</nestedLevel>
  <escapedJava>false</escapedJava>
  <property name="BDD_STEP_DURATION">1277944300</property>
  <property name="BDD_STEP_STATUS">passed</property>
</record>
<record>
  <date>2021-11-12T11:14:33</date>
  <millis>1636704873258</millis>
  <sequence>40363</sequence>
  <level>START</level>
  <class>com.kms.katalon.core.logging.XmlKeywordLogger</class>
  <method>startKeyword</method>
  <thread>1</thread>
  <message>Start action : Butonlardan Gönder isimli butona tıklanır</message>
  <nestedLevel>2</nestedLevel>
  <escapedJava>false</escapedJava>
  <property name="BDD_STEP_LINE">29</property>
  <property name="BDD_STEP_NAME">Butonlardan Gönder isimli butona tıklanır</property>
  <property name="BDD_STEP_KEYWORD">* </property>
  <property name="BDD_STEP_UUID">37de9f82-f098-43ce-94fe-5cf1a3907be6</property>
</record>
<record>
  <date>2021-11-12T11:14:33</date>
  <millis>1636704873260</millis>
  <sequence>40365</sequence>
  <level>PASSED</level>
  <class>com.kms.katalon.core.logging.XmlKeywordLogger</class>
  <method>logMessage</method>
  <thread>1</thread>
  <message>Butonlardan Gönder isimli butona tıklanır</message>
  <nestedLevel>2</nestedLevel>
  <escapedJava>false</escapedJava>
  <property name="testops-method-name">com.kms.katalon.core.keyword.internal.KeywordMain$runKeyword.call</property>
  <property name="testops-execution-stacktrace">com.kms.katalon.core.logging.KeywordLogger.logPassed(KeywordLogger.java:330)
com.kms.katalon.core.logging.KeywordLogger.logPassed(KeywordLogger.java:324)
cucumber.runtime.formatter.CucumberReporter.logResult(CucumberReporter.java:487)
cucumber.runtime.formatter.CucumberReporter.handleTestStepFinished(CucumberReporter.java:248)
cucumber.runtime.formatter.CucumberReporter.access$3(CucumberReporter.java:242)
cucumber.runtime.formatter.CucumberReporter$4.receive(CucumberReporter.java:87)
cucumber.runtime.formatter.CucumberReporter$4.receive(CucumberReporter.java:1)
cucumber.runner.AbstractEventPublisher.send(AbstractEventPublisher.java:45)
cucumber.runner.AbstractEventPublisher.sendAll(AbstractEventPublisher.java:52)
cucumber.runner.CanonicalOrderEventPublisher.handle(CanonicalOrderEventPublisher.java:18)
cucumber.runtime.formatter.Plugins$1.receive(Plugins.java:55)
cucumber.runner.AbstractEventPublisher.send(AbstractEventPublisher.java:38)
cucumber.runner.AbstractEventBus.send(AbstractEventBus.java:9)
cucumber.runner.TimeServiceEventBus.send(TimeServiceEventBus.java:3)
cucumber.runtime.Runtime.run(Runtime.java:98)
cucumber.api.cli.Main.run(Main.java:26)
cucumber.api.cli.Main$run.call(Unknown Source)
com.kms.katalon.core.cucumber.keyword.CucumberBuiltinKeywords$_runFeatureFile_closure1.doCall(CucumberBuiltinKeywords.groovy:106)
com.kms.katalon.core.cucumber.keyword.CucumberBuiltinKeywords$_runFeatureFile_closure1.doCall(CucumberBuiltinKeywords.groovy)
com.kms.katalon.core.keyword.internal.KeywordMain.runKeyword(KeywordMain.groovy:68)
com.kms.katalon.core.keyword.internal.KeywordMain$runKeyword.call(Unknown Source)
com.kms.katalon.core.cucumber.keyword.CucumberBuiltinKeywords.runFeatureFile(CucumberBuiltinKeywords.groovy:73)
com.kms.katalon.core.cucumber.keyword.CucumberBuiltinKeywords$runFeatureFile$0.callStatic(Unknown Source)
com.kms.katalon.core.cucumber.keyword.CucumberBuiltinKeywords.runFeatureFile(CucumberBuiltinKeywords.groovy:246)
com.kms.katalon.core.cucumber.keyword.CucumberBuiltinKeywords$runFeatureFile.call(Unknown Source)
VKN-e-Serbest Meslek Makbuzu-Kagit.run(VKN-e-Serbest Meslek Makbuzu-Kagit:19)
</property>
</record>
<record>
  <date>2021-11-12T11:14:33</date>
  <millis>1636704873260</millis>
  <sequence>40366</sequence>
  <level>END</level>
  <class>com.kms.katalon.core.logging.XmlKeywordLogger</class>
  <method>endKeyword</method>
  <thread>1</thread>
  <message>End End action : Butonlardan Gönder isimli butona tıklanır</message>
  <nestedLevel>2</nestedLevel>
  <escapedJava>false</escapedJava>
  <property name="BDD_STEP_DURATION">731834700</property>
  <property name="BDD_STEP_STATUS">passed</property>
</record>
<record>
  <date>2021-11-12T11:14:33</date>
  <millis>1636704873261</millis>
  <sequence>40367</sequence>
  <level>START</level>
  <class>com.kms.katalon.core.logging.XmlKeywordLogger</class>
  <method>startKeyword</method>
  <thread>1</thread>
  <message>Start action : Popup mesajı Devam etmek istiyor musunuz içeriyor mu</message>
  <nestedLevel>2</nestedLevel>
  <escapedJava>false</escapedJava>
  <property name="BDD_STEP_LINE">30</property>
  <property name="BDD_STEP_NAME">Popup mesajı Devam etmek istiyor musunuz içeriyor mu</property>
  <property name="BDD_STEP_KEYWORD">* </property>
  <property name="BDD_STEP_UUID">321fe9e9-a6ed-41a3-9c96-2ca2c13d1907</property>
</record>
<record>
  <date>2021-11-12T11:14:33</date>
  <millis>1636704873262</millis>
  <sequence>40369</sequence>
  <level>PASSED</level>
  <class>com.kms.katalon.core.logging.XmlKeywordLogger</class>
  <method>logMessage</method>
  <thread>1</thread>
  <message>Popup mesajı Devam etmek istiyor musunuz içeriyor mu</message>
  <nestedLevel>2</nestedLevel>
  <escapedJava>false</escapedJava>
  <property name="testops-method-name">com.kms.katalon.core.keyword.internal.KeywordMain$runKeyword.call</property>
  <property name="testops-execution-stacktrace">com.kms.katalon.core.logging.KeywordLogger.logPassed(KeywordLogger.java:330)
com.kms.katalon.core.logging.KeywordLogger.logPassed(KeywordLogger.java:324)
cucumber.runtime.formatter.CucumberReporter.logResult(CucumberReporter.java:487)
cucumber.runtime.formatter.CucumberReporter.handleTestStepFinished(CucumberReporter.java:248)
cucumber.runtime.formatter.CucumberReporter.access$3(CucumberReporter.java:242)
cucumber.runtime.formatter.CucumberReporter$4.receive(CucumberReporter.java:87)
cucumber.runtime.formatter.CucumberReporter$4.receive(CucumberReporter.java:1)
cucumber.runner.AbstractEventPublisher.send(AbstractEventPublisher.java:45)
cucumber.runner.AbstractEventPublisher.sendAll(AbstractEventPublisher.java:52)
cucumber.runner.CanonicalOrderEventPublisher.handle(CanonicalOrderEventPublisher.java:18)
cucumber.runtime.formatter.Plugins$1.receive(Plugins.java:55)
cucumber.runner.AbstractEventPublisher.send(AbstractEventPublisher.java:38)
cucumber.runner.AbstractEventBus.send(AbstractEventBus.java:9)
cucumber.runner.TimeServiceEventBus.send(TimeServiceEventBus.java:3)
cucumber.runtime.Runtime.run(Runtime.java:98)
cucumber.api.cli.Main.run(Main.java:26)
cucumber.api.cli.Main$run.call(Unknown Source)
com.kms.katalon.core.cucumber.keyword.CucumberBuiltinKeywords$_runFeatureFile_closure1.doCall(CucumberBuiltinKeywords.groovy:106)
com.kms.katalon.core.cucumber.keyword.CucumberBuiltinKeywords$_runFeatureFile_closure1.doCall(CucumberBuiltinKeywords.groovy)
com.kms.katalon.core.keyword.internal.KeywordMain.runKeyword(KeywordMain.groovy:68)
com.kms.katalon.core.keyword.internal.KeywordMain$runKeyword.call(Unknown Source)
com.kms.katalon.core.cucumber.keyword.CucumberBuiltinKeywords.runFeatureFile(CucumberBuiltinKeywords.groovy:73)
com.kms.katalon.core.cucumber.keyword.CucumberBuiltinKeywords$runFeatureFile$0.callStatic(Unknown Source)
com.kms.katalon.core.cucumber.keyword.CucumberBuiltinKeywords.runFeatureFile(CucumberBuiltinKeywords.groovy:246)
com.kms.katalon.core.cucumber.keyword.CucumberBuiltinKeywords$runFeatureFile.call(Unknown Source)
VKN-e-Serbest Meslek Makbuzu-Kagit.run(VKN-e-Serbest Meslek Makbuzu-Kagit:19)
</property>
</record>
<record>
  <date>2021-11-12T11:14:33</date>
  <millis>1636704873262</millis>
  <sequence>40370</sequence>
  <level>END</level>
  <class>com.kms.katalon.core.logging.XmlKeywordLogger</class>
  <method>endKeyword</method>
  <thread>1</thread>
  <message>End End action : Popup mesajı Devam etmek istiyor musunuz içeriyor mu</message>
  <nestedLevel>2</nestedLevel>
  <escapedJava>false</escapedJava>
  <property name="BDD_STEP_DURATION">1308584600</property>
  <property name="BDD_STEP_STATUS">passed</property>
</record>
<record>
  <date>2021-11-12T11:14:33</date>
  <millis>1636704873263</millis>
  <sequence>40371</sequence>
  <level>START</level>
  <class>com.kms.katalon.core.logging.XmlKeywordLogger</class>
  <method>startKeyword</method>
  <thread>1</thread>
  <message>Start action : Yönetim popupında Evet seçilir</message>
  <nestedLevel>2</nestedLevel>
  <escapedJava>false</escapedJava>
  <property name="BDD_STEP_LINE">31</property>
  <property name="BDD_STEP_NAME">Yönetim popupında Evet seçilir</property>
  <property name="BDD_STEP_KEYWORD">* </property>
  <property name="BDD_STEP_UUID">2740fab2-6401-40c1-880b-9e629f846c2b</property>
</record>
<record>
  <date>2021-11-12T11:14:33</date>
  <millis>1636704873264</millis>
  <sequence>40373</sequence>
  <level>PASSED</level>
  <class>com.kms.katalon.core.logging.XmlKeywordLogger</class>
  <method>logMessage</method>
  <thread>1</thread>
  <message>Yönetim popupında Evet seçilir</message>
  <nestedLevel>2</nestedLevel>
  <escapedJava>false</escapedJava>
  <property name="testops-method-name">com.kms.katalon.core.keyword.internal.KeywordMain$runKeyword.call</property>
  <property name="testops-execution-stacktrace">com.kms.katalon.core.logging.KeywordLogger.logPassed(KeywordLogger.java:330)
com.kms.katalon.core.logging.KeywordLogger.logPassed(KeywordLogger.java:324)
cucumber.runtime.formatter.CucumberReporter.logResult(CucumberReporter.java:487)
cucumber.runtime.formatter.CucumberReporter.handleTestStepFinished(CucumberReporter.java:248)
cucumber.runtime.formatter.CucumberReporter.access$3(CucumberReporter.java:242)
cucumber.runtime.formatter.CucumberReporter$4.receive(CucumberReporter.java:87)
cucumber.runtime.formatter.CucumberReporter$4.receive(CucumberReporter.java:1)
cucumber.runner.AbstractEventPublisher.send(AbstractEventPublisher.java:45)
cucumber.runner.AbstractEventPublisher.sendAll(AbstractEventPublisher.java:52)
cucumber.runner.CanonicalOrderEventPublisher.handle(CanonicalOrderEventPublisher.java:18)
cucumber.runtime.formatter.Plugins$1.receive(Plugins.java:55)
cucumber.runner.AbstractEventPublisher.send(AbstractEventPublisher.java:38)
cucumber.runner.AbstractEventBus.send(AbstractEventBus.java:9)
cucumber.runner.TimeServiceEventBus.send(TimeServiceEventBus.java:3)
cucumber.runtime.Runtime.run(Runtime.java:98)
cucumber.api.cli.Main.run(Main.java:26)
cucumber.api.cli.Main$run.call(Unknown Source)
com.kms.katalon.core.cucumber.keyword.CucumberBuiltinKeywords$_runFeatureFile_closure1.doCall(CucumberBuiltinKeywords.groovy:106)
com.kms.katalon.core.cucumber.keyword.CucumberBuiltinKeywords$_runFeatureFile_closure1.doCall(CucumberBuiltinKeywords.groovy)
com.kms.katalon.core.keyword.internal.KeywordMain.runKeyword(KeywordMain.groovy:68)
com.kms.katalon.core.keyword.internal.KeywordMain$runKeyword.call(Unknown Source)
com.kms.katalon.core.cucumber.keyword.CucumberBuiltinKeywords.runFeatureFile(CucumberBuiltinKeywords.groovy:73)
com.kms.katalon.core.cucumber.keyword.CucumberBuiltinKeywords$runFeatureFile$0.callStatic(Unknown Source)
com.kms.katalon.core.cucumber.keyword.CucumberBuiltinKeywords.runFeatureFile(CucumberBuiltinKeywords.groovy:246)
com.kms.katalon.core.cucumber.keyword.CucumberBuiltinKeywords$runFeatureFile.call(Unknown Source)
VKN-e-Serbest Meslek Makbuzu-Kagit.run(VKN-e-Serbest Meslek Makbuzu-Kagit:19)
</property>
</record>
<record>
  <date>2021-11-12T11:14:33</date>
  <millis>1636704873265</millis>
  <sequence>40374</sequence>
  <level>END</level>
  <class>com.kms.katalon.core.logging.XmlKeywordLogger</class>
  <method>endKeyword</method>
  <thread>1</thread>
  <message>End End action : Yönetim popupında Evet seçilir</message>
  <nestedLevel>2</nestedLevel>
  <escapedJava>false</escapedJava>
  <property name="BDD_STEP_DURATION">543010500</property>
  <property name="BDD_STEP_STATUS">passed</property>
</record>
<record>
  <date>2021-11-12T11:14:33</date>
  <millis>1636704873265</millis>
  <sequence>40375</sequence>
  <level>START</level>
  <class>com.kms.katalon.core.logging.XmlKeywordLogger</class>
  <method>startKeyword</method>
  <thread>1</thread>
  <message>Start action : Ana menüden e-Makbuz seçilir</message>
  <nestedLevel>2</nestedLevel>
  <escapedJava>false</escapedJava>
  <property name="BDD_STEP_LINE">32</property>
  <property name="BDD_STEP_NAME">Ana menüden e-Makbuz seçilir</property>
  <property name="BDD_STEP_KEYWORD">* </property>
  <property name="BDD_STEP_UUID">11f13625-94e7-45ff-b78a-433972684a29</property>
</record>
<record>
  <date>2021-11-12T11:14:33</date>
  <millis>1636704873265</millis>
  <sequence>40377</sequence>
  <level>PASSED</level>
  <class>com.kms.katalon.core.logging.XmlKeywordLogger</class>
  <method>logMessage</method>
  <thread>1</thread>
  <message>Ana menüden e-Makbuz seçilir</message>
  <nestedLevel>2</nestedLevel>
  <escapedJava>false</escapedJava>
  <property name="testops-method-name">com.kms.katalon.core.keyword.internal.KeywordMain$runKeyword.call</property>
  <property name="testops-execution-stacktrace">com.kms.katalon.core.logging.KeywordLogger.logPassed(KeywordLogger.java:330)
com.kms.katalon.core.logging.KeywordLogger.logPassed(KeywordLogger.java:324)
cucumber.runtime.formatter.CucumberReporter.logResult(CucumberReporter.java:487)
cucumber.runtime.formatter.CucumberReporter.handleTestStepFinished(CucumberReporter.java:248)
cucumber.runtime.formatter.CucumberReporter.access$3(CucumberReporter.java:242)
cucumber.runtime.formatter.CucumberReporter$4.receive(CucumberReporter.java:87)
cucumber.runtime.formatter.CucumberReporter$4.receive(CucumberReporter.java:1)
cucumber.runner.AbstractEventPublisher.send(AbstractEventPublisher.java:45)
cucumber.runner.AbstractEventPublisher.sendAll(AbstractEventPublisher.java:52)
cucumber.runner.CanonicalOrderEventPublisher.handle(CanonicalOrderEventPublisher.java:18)
cucumber.runtime.formatter.Plugins$1.receive(Plugins.java:55)
cucumber.runner.AbstractEventPublisher.send(AbstractEventPublisher.java:38)
cucumber.runner.AbstractEventBus.send(AbstractEventBus.java:9)
cucumber.runner.TimeServiceEventBus.send(TimeServiceEventBus.java:3)
cucumber.runtime.Runtime.run(Runtime.java:98)
cucumber.api.cli.Main.run(Main.java:26)
cucumber.api.cli.Main$run.call(Unknown Source)
com.kms.katalon.core.cucumber.keyword.CucumberBuiltinKeywords$_runFeatureFile_closure1.doCall(CucumberBuiltinKeywords.groovy:106)
com.kms.katalon.core.cucumber.keyword.CucumberBuiltinKeywords$_runFeatureFile_closure1.doCall(CucumberBuiltinKeywords.groovy)
com.kms.katalon.core.keyword.internal.KeywordMain.runKeyword(KeywordMain.groovy:68)
com.kms.katalon.core.keyword.internal.KeywordMain$runKeyword.call(Unknown Source)
com.kms.katalon.core.cucumber.keyword.CucumberBuiltinKeywords.runFeatureFile(CucumberBuiltinKeywords.groovy:73)
com.kms.katalon.core.cucumber.keyword.CucumberBuiltinKeywords$runFeatureFile$0.callStatic(Unknown Source)
com.kms.katalon.core.cucumber.keyword.CucumberBuiltinKeywords.runFeatureFile(CucumberBuiltinKeywords.groovy:246)
com.kms.katalon.core.cucumber.keyword.CucumberBuiltinKeywords$runFeatureFile.call(Unknown Source)
VKN-e-Serbest Meslek Makbuzu-Kagit.run(VKN-e-Serbest Meslek Makbuzu-Kagit:19)
</property>
</record>
<record>
  <date>2021-11-12T11:14:33</date>
  <millis>1636704873265</millis>
  <sequence>40378</sequence>
  <level>END</level>
  <class>com.kms.katalon.core.logging.XmlKeywordLogger</class>
  <method>endKeyword</method>
  <thread>1</thread>
  <message>End End action : Ana menüden e-Makbuz seçilir</message>
  <nestedLevel>2</nestedLevel>
  <escapedJava>false</escapedJava>
  <property name="BDD_STEP_DURATION">18574239500</property>
  <property name="BDD_STEP_STATUS">passed</property>
</record>
<record>
  <date>2021-11-12T11:14:33</date>
  <millis>1636704873266</millis>
  <sequence>40379</sequence>
  <level>START</level>
  <class>com.kms.katalon.core.logging.XmlKeywordLogger</class>
  <method>startKeyword</method>
  <thread>1</thread>
  <message>Start action : Alt menü e-Serbest Meslek Uygulaması başlığı altındaki e-Serbest Meslek Makbuzları seçilir</message>
  <nestedLevel>2</nestedLevel>
  <escapedJava>false</escapedJava>
  <property name="BDD_STEP_LINE">33</property>
  <property name="BDD_STEP_NAME">Alt menü e-Serbest Meslek Uygulaması başlığı altındaki e-Serbest Meslek Makbuzları seçilir</property>
  <property name="BDD_STEP_KEYWORD">* </property>
  <property name="BDD_STEP_UUID">4301af59-7a53-4cf3-b0fc-33f206c4521d</property>
</record>
<record>
  <date>2021-11-12T11:14:33</date>
  <millis>1636704873266</millis>
  <sequence>40381</sequence>
  <level>PASSED</level>
  <class>com.kms.katalon.core.logging.XmlKeywordLogger</class>
  <method>logMessage</method>
  <thread>1</thread>
  <message>Alt menü e-Serbest Meslek Uygulaması başlığı altındaki e-Serbest Meslek Makbuzları seçilir</message>
  <nestedLevel>2</nestedLevel>
  <escapedJava>false</escapedJava>
  <property name="testops-method-name">com.kms.katalon.core.keyword.internal.KeywordMain$runKeyword.call</property>
  <property name="testops-execution-stacktrace">com.kms.katalon.core.logging.KeywordLogger.logPassed(KeywordLogger.java:330)
com.kms.katalon.core.logging.KeywordLogger.logPassed(KeywordLogger.java:324)
cucumber.runtime.formatter.CucumberReporter.logResult(CucumberReporter.java:487)
cucumber.runtime.formatter.CucumberReporter.handleTestStepFinished(CucumberReporter.java:248)
cucumber.runtime.formatter.CucumberReporter.access$3(CucumberReporter.java:242)
cucumber.runtime.formatter.CucumberReporter$4.receive(CucumberReporter.java:87)
cucumber.runtime.formatter.CucumberReporter$4.receive(CucumberReporter.java:1)
cucumber.runner.AbstractEventPublisher.send(AbstractEventPublisher.java:45)
cucumber.runner.AbstractEventPublisher.sendAll(AbstractEventPublisher.java:52)
cucumber.runner.CanonicalOrderEventPublisher.handle(CanonicalOrderEventPublisher.java:18)
cucumber.runtime.formatter.Plugins$1.receive(Plugins.java:55)
cucumber.runner.AbstractEventPublisher.send(AbstractEventPublisher.java:38)
cucumber.runner.AbstractEventBus.send(AbstractEventBus.java:9)
cucumber.runner.TimeServiceEventBus.send(TimeServiceEventBus.java:3)
cucumber.runtime.Runtime.run(Runtime.java:98)
cucumber.api.cli.Main.run(Main.java:26)
cucumber.api.cli.Main$run.call(Unknown Source)
com.kms.katalon.core.cucumber.keyword.CucumberBuiltinKeywords$_runFeatureFile_closure1.doCall(CucumberBuiltinKeywords.groovy:106)
com.kms.katalon.core.cucumber.keyword.CucumberBuiltinKeywords$_runFeatureFile_closure1.doCall(CucumberBuiltinKeywords.groovy)
com.kms.katalon.core.keyword.internal.KeywordMain.runKeyword(KeywordMain.groovy:68)
com.kms.katalon.core.keyword.internal.KeywordMain$runKeyword.call(Unknown Source)
com.kms.katalon.core.cucumber.keyword.CucumberBuiltinKeywords.runFeatureFile(CucumberBuiltinKeywords.groovy:73)
com.kms.katalon.core.cucumber.keyword.CucumberBuiltinKeywords$runFeatureFile$0.callStatic(Unknown Source)
com.kms.katalon.core.cucumber.keyword.CucumberBuiltinKeywords.runFeatureFile(CucumberBuiltinKeywords.groovy:246)
com.kms.katalon.core.cucumber.keyword.CucumberBuiltinKeywords$runFeatureFile.call(Unknown Source)
VKN-e-Serbest Meslek Makbuzu-Kagit.run(VKN-e-Serbest Meslek Makbuzu-Kagit:19)
</property>
</record>
<record>
  <date>2021-11-12T11:14:33</date>
  <millis>1636704873266</millis>
  <sequence>40382</sequence>
  <level>END</level>
  <class>com.kms.katalon.core.logging.XmlKeywordLogger</class>
  <method>endKeyword</method>
  <thread>1</thread>
  <message>End End action : Alt menü e-Serbest Meslek Uygulaması başlığı altındaki e-Serbest Meslek Makbuzları seçilir</message>
  <nestedLevel>2</nestedLevel>
  <escapedJava>false</escapedJava>
  <property name="BDD_STEP_DURATION">1950430500</property>
  <property name="BDD_STEP_STATUS">passed</property>
</record>
<record>
  <date>2021-11-12T11:14:33</date>
  <millis>1636704873266</millis>
  <sequence>40383</sequence>
  <level>START</level>
  <class>com.kms.katalon.core.logging.XmlKeywordLogger</class>
  <method>startKeyword</method>
  <thread>1</thread>
  <message>Start action : Filtrelerden Ettn filtresine Ettn bilgisi yaz</message>
  <nestedLevel>2</nestedLevel>
  <escapedJava>false</escapedJava>
  <property name="BDD_STEP_LINE">34</property>
  <property name="BDD_STEP_NAME">Filtrelerden Ettn filtresine Ettn bilgisi yaz</property>
  <property name="BDD_STEP_KEYWORD">* </property>
  <property name="BDD_STEP_UUID">9491ca75-075b-4160-a1fa-e23d8ec0674a</property>
</record>
<record>
  <date>2021-11-12T11:14:33</date>
  <millis>1636704873266</millis>
  <sequence>40385</sequence>
  <level>PASSED</level>
  <class>com.kms.katalon.core.logging.XmlKeywordLogger</class>
  <method>logMessage</method>
  <thread>1</thread>
  <message>Filtrelerden Ettn filtresine Ettn bilgisi yaz</message>
  <nestedLevel>2</nestedLevel>
  <escapedJava>false</escapedJava>
  <property name="testops-method-name">com.kms.katalon.core.keyword.internal.KeywordMain$runKeyword.call</property>
  <property name="testops-execution-stacktrace">com.kms.katalon.core.logging.KeywordLogger.logPassed(KeywordLogger.java:330)
com.kms.katalon.core.logging.KeywordLogger.logPassed(KeywordLogger.java:324)
cucumber.runtime.formatter.CucumberReporter.logResult(CucumberReporter.java:487)
cucumber.runtime.formatter.CucumberReporter.handleTestStepFinished(CucumberReporter.java:248)
cucumber.runtime.formatter.CucumberReporter.access$3(CucumberReporter.java:242)
cucumber.runtime.formatter.CucumberReporter$4.receive(CucumberReporter.java:87)
cucumber.runtime.formatter.CucumberReporter$4.receive(CucumberReporter.java:1)
cucumber.runner.AbstractEventPublisher.send(AbstractEventPublisher.java:45)
cucumber.runner.AbstractEventPublisher.sendAll(AbstractEventPublisher.java:52)
cucumber.runner.CanonicalOrderEventPublisher.handle(CanonicalOrderEventPublisher.java:18)
cucumber.runtime.formatter.Plugins$1.receive(Plugins.java:55)
cucumber.runner.AbstractEventPublisher.send(AbstractEventPublisher.java:38)
cucumber.runner.AbstractEventBus.send(AbstractEventBus.java:9)
cucumber.runner.TimeServiceEventBus.send(TimeServiceEventBus.java:3)
cucumber.runtime.Runtime.run(Runtime.java:98)
cucumber.api.cli.Main.run(Main.java:26)
cucumber.api.cli.Main$run.call(Unknown Source)
com.kms.katalon.core.cucumber.keyword.CucumberBuiltinKeywords$_runFeatureFile_closure1.doCall(CucumberBuiltinKeywords.groovy:106)
com.kms.katalon.core.cucumber.keyword.CucumberBuiltinKeywords$_runFeatureFile_closure1.doCall(CucumberBuiltinKeywords.groovy)
com.kms.katalon.core.keyword.internal.KeywordMain.runKeyword(KeywordMain.groovy:68)
com.kms.katalon.core.keyword.internal.KeywordMain$runKeyword.call(Unknown Source)
com.kms.katalon.core.cucumber.keyword.CucumberBuiltinKeywords.runFeatureFile(CucumberBuiltinKeywords.groovy:73)
com.kms.katalon.core.cucumber.keyword.CucumberBuiltinKeywords$runFeatureFile$0.callStatic(Unknown Source)
com.kms.katalon.core.cucumber.keyword.CucumberBuiltinKeywords.runFeatureFile(CucumberBuiltinKeywords.groovy:246)
com.kms.katalon.core.cucumber.keyword.CucumberBuiltinKeywords$runFeatureFile.call(Unknown Source)
VKN-e-Serbest Meslek Makbuzu-Kagit.run(VKN-e-Serbest Meslek Makbuzu-Kagit:19)
</property>
</record>
<record>
  <date>2021-11-12T11:14:33</date>
  <millis>1636704873267</millis>
  <sequence>40386</sequence>
  <level>END</level>
  <class>com.kms.katalon.core.logging.XmlKeywordLogger</class>
  <method>endKeyword</method>
  <thread>1</thread>
  <message>End End action : Filtrelerden Ettn filtresine Ettn bilgisi yaz</message>
  <nestedLevel>2</nestedLevel>
  <escapedJava>false</escapedJava>
  <property name="BDD_STEP_DURATION">1570877200</property>
  <property name="BDD_STEP_STATUS">passed</property>
</record>
<record>
  <date>2021-11-12T11:14:33</date>
  <millis>1636704873267</millis>
  <sequence>40387</sequence>
  <level>START</level>
  <class>com.kms.katalon.core.logging.XmlKeywordLogger</class>
  <method>startKeyword</method>
  <thread>1</thread>
  <message>Start action : Filtre butonlarından Listele seçilir</message>
  <nestedLevel>2</nestedLevel>
  <escapedJava>false</escapedJava>
  <property name="BDD_STEP_LINE">35</property>
  <property name="BDD_STEP_NAME">Filtre butonlarından Listele seçilir</property>
  <property name="BDD_STEP_KEYWORD">* </property>
  <property name="BDD_STEP_UUID">e157bdeb-a163-4d7c-b6d7-f5f541bbd909</property>
</record>
<record>
  <date>2021-11-12T11:14:33</date>
  <millis>1636704873267</millis>
  <sequence>40389</sequence>
  <level>PASSED</level>
  <class>com.kms.katalon.core.logging.XmlKeywordLogger</class>
  <method>logMessage</method>
  <thread>1</thread>
  <message>Filtre butonlarından Listele seçilir</message>
  <nestedLevel>2</nestedLevel>
  <escapedJava>false</escapedJava>
  <property name="testops-method-name">com.kms.katalon.core.keyword.internal.KeywordMain$runKeyword.call</property>
  <property name="testops-execution-stacktrace">com.kms.katalon.core.logging.KeywordLogger.logPassed(KeywordLogger.java:330)
com.kms.katalon.core.logging.KeywordLogger.logPassed(KeywordLogger.java:324)
cucumber.runtime.formatter.CucumberReporter.logResult(CucumberReporter.java:487)
cucumber.runtime.formatter.CucumberReporter.handleTestStepFinished(CucumberReporter.java:248)
cucumber.runtime.formatter.CucumberReporter.access$3(CucumberReporter.java:242)
cucumber.runtime.formatter.CucumberReporter$4.receive(CucumberReporter.java:87)
cucumber.runtime.formatter.CucumberReporter$4.receive(CucumberReporter.java:1)
cucumber.runner.AbstractEventPublisher.send(AbstractEventPublisher.java:45)
cucumber.runner.AbstractEventPublisher.sendAll(AbstractEventPublisher.java:52)
cucumber.runner.CanonicalOrderEventPublisher.handle(CanonicalOrderEventPublisher.java:18)
cucumber.runtime.formatter.Plugins$1.receive(Plugins.java:55)
cucumber.runner.AbstractEventPublisher.send(AbstractEventPublisher.java:38)
cucumber.runner.AbstractEventBus.send(AbstractEventBus.java:9)
cucumber.runner.TimeServiceEventBus.send(TimeServiceEventBus.java:3)
cucumber.runtime.Runtime.run(Runtime.java:98)
cucumber.api.cli.Main.run(Main.java:26)
cucumber.api.cli.Main$run.call(Unknown Source)
com.kms.katalon.core.cucumber.keyword.CucumberBuiltinKeywords$_runFeatureFile_closure1.doCall(CucumberBuiltinKeywords.groovy:106)
com.kms.katalon.core.cucumber.keyword.CucumberBuiltinKeywords$_runFeatureFile_closure1.doCall(CucumberBuiltinKeywords.groovy)
com.kms.katalon.core.keyword.internal.KeywordMain.runKeyword(KeywordMain.groovy:68)
com.kms.katalon.core.keyword.internal.KeywordMain$runKeyword.call(Unknown Source)
com.kms.katalon.core.cucumber.keyword.CucumberBuiltinKeywords.runFeatureFile(CucumberBuiltinKeywords.groovy:73)
com.kms.katalon.core.cucumber.keyword.CucumberBuiltinKeywords$runFeatureFile$0.callStatic(Unknown Source)
com.kms.katalon.core.cucumber.keyword.CucumberBuiltinKeywords.runFeatureFile(CucumberBuiltinKeywords.groovy:246)
com.kms.katalon.core.cucumber.keyword.CucumberBuiltinKeywords$runFeatureFile.call(Unknown Source)
VKN-e-Serbest Meslek Makbuzu-Kagit.run(VKN-e-Serbest Meslek Makbuzu-Kagit:19)
</property>
</record>
<record>
  <date>2021-11-12T11:14:33</date>
  <millis>1636704873267</millis>
  <sequence>40390</sequence>
  <level>END</level>
  <class>com.kms.katalon.core.logging.XmlKeywordLogger</class>
  <method>endKeyword</method>
  <thread>1</thread>
  <message>End End action : Filtre butonlarından Listele seçilir</message>
  <nestedLevel>2</nestedLevel>
  <escapedJava>false</escapedJava>
  <property name="BDD_STEP_DURATION">630331700</property>
  <property name="BDD_STEP_STATUS">passed</property>
</record>
<record>
  <date>2021-11-12T11:14:33</date>
  <millis>1636704873267</millis>
  <sequence>40391</sequence>
  <level>START</level>
  <class>com.kms.katalon.core.logging.XmlKeywordLogger</class>
  <method>startKeyword</method>
  <thread>1</thread>
  <message>Start action : Tabloda veri var mı kontrol edilir</message>
  <nestedLevel>2</nestedLevel>
  <escapedJava>false</escapedJava>
  <property name="BDD_STEP_LINE">36</property>
  <property name="BDD_STEP_NAME">Tabloda veri var mı kontrol edilir</property>
  <property name="BDD_STEP_KEYWORD">* </property>
  <property name="BDD_STEP_UUID">35c3ff18-f08f-4803-941b-ca82751a3450</property>
</record>
<record>
  <date>2021-11-12T11:14:33</date>
  <millis>1636704873267</millis>
  <sequence>40393</sequence>
  <level>PASSED</level>
  <class>com.kms.katalon.core.logging.XmlKeywordLogger</class>
  <method>logMessage</method>
  <thread>1</thread>
  <message>Tabloda veri var mı kontrol edilir</message>
  <nestedLevel>2</nestedLevel>
  <escapedJava>false</escapedJava>
  <property name="testops-method-name">com.kms.katalon.core.keyword.internal.KeywordMain$runKeyword.call</property>
  <property name="testops-execution-stacktrace">com.kms.katalon.core.logging.KeywordLogger.logPassed(KeywordLogger.java:330)
com.kms.katalon.core.logging.KeywordLogger.logPassed(KeywordLogger.java:324)
cucumber.runtime.formatter.CucumberReporter.logResult(CucumberReporter.java:487)
cucumber.runtime.formatter.CucumberReporter.handleTestStepFinished(CucumberReporter.java:248)
cucumber.runtime.formatter.CucumberReporter.access$3(CucumberReporter.java:242)
cucumber.runtime.formatter.CucumberReporter$4.receive(CucumberReporter.java:87)
cucumber.runtime.formatter.CucumberReporter$4.receive(CucumberReporter.java:1)
cucumber.runner.AbstractEventPublisher.send(AbstractEventPublisher.java:45)
cucumber.runner.AbstractEventPublisher.sendAll(AbstractEventPublisher.java:52)
cucumber.runner.CanonicalOrderEventPublisher.handle(CanonicalOrderEventPublisher.java:18)
cucumber.runtime.formatter.Plugins$1.receive(Plugins.java:55)
cucumber.runner.AbstractEventPublisher.send(AbstractEventPublisher.java:38)
cucumber.runner.AbstractEventBus.send(AbstractEventBus.java:9)
cucumber.runner.TimeServiceEventBus.send(TimeServiceEventBus.java:3)
cucumber.runtime.Runtime.run(Runtime.java:98)
cucumber.api.cli.Main.run(Main.java:26)
cucumber.api.cli.Main$run.call(Unknown Source)
com.kms.katalon.core.cucumber.keyword.CucumberBuiltinKeywords$_runFeatureFile_closure1.doCall(CucumberBuiltinKeywords.groovy:106)
com.kms.katalon.core.cucumber.keyword.CucumberBuiltinKeywords$_runFeatureFile_closure1.doCall(CucumberBuiltinKeywords.groovy)
com.kms.katalon.core.keyword.internal.KeywordMain.runKeyword(KeywordMain.groovy:68)
com.kms.katalon.core.keyword.internal.KeywordMain$runKeyword.call(Unknown Source)
com.kms.katalon.core.cucumber.keyword.CucumberBuiltinKeywords.runFeatureFile(CucumberBuiltinKeywords.groovy:73)
com.kms.katalon.core.cucumber.keyword.CucumberBuiltinKeywords$runFeatureFile$0.callStatic(Unknown Source)
com.kms.katalon.core.cucumber.keyword.CucumberBuiltinKeywords.runFeatureFile(CucumberBuiltinKeywords.groovy:246)
com.kms.katalon.core.cucumber.keyword.CucumberBuiltinKeywords$runFeatureFile.call(Unknown Source)
VKN-e-Serbest Meslek Makbuzu-Kagit.run(VKN-e-Serbest Meslek Makbuzu-Kagit:19)
</property>
</record>
<record>
  <date>2021-11-12T11:14:33</date>
  <millis>1636704873267</millis>
  <sequence>40394</sequence>
  <level>END</level>
  <class>com.kms.katalon.core.logging.XmlKeywordLogger</class>
  <method>endKeyword</method>
  <thread>1</thread>
  <message>End End action : Tabloda veri var mı kontrol edilir</message>
  <nestedLevel>2</nestedLevel>
  <escapedJava>false</escapedJava>
  <property name="BDD_STEP_DURATION">787009000</property>
  <property name="BDD_STEP_STATUS">passed</property>
</record>
<record>
  <date>2021-11-12T11:14:33</date>
  <millis>1636704873267</millis>
  <sequence>40395</sequence>
  <level>START</level>
  <class>com.kms.katalon.core.logging.XmlKeywordLogger</class>
  <method>startKeyword</method>
  <thread>1</thread>
  <message>Start action : Tabloda yeni oluşturulan smm verisi başarılı mı</message>
  <nestedLevel>2</nestedLevel>
  <escapedJava>false</escapedJava>
  <property name="BDD_STEP_LINE">37</property>
  <property name="BDD_STEP_NAME">Tabloda yeni oluşturulan smm verisi başarılı mı</property>
  <property name="BDD_STEP_KEYWORD">* </property>
  <property name="BDD_STEP_UUID">8443cf64-1573-4d47-95ee-42a8fcf50dab</property>
</record>
<record>
  <date>2021-11-12T11:14:33</date>
  <millis>1636704873267</millis>
  <sequence>40397</sequence>
  <level>PASSED</level>
  <class>com.kms.katalon.core.logging.XmlKeywordLogger</class>
  <method>logMessage</method>
  <thread>1</thread>
  <message>Tabloda yeni oluşturulan smm verisi başarılı mı</message>
  <nestedLevel>2</nestedLevel>
  <escapedJava>false</escapedJava>
  <property name="testops-method-name">com.kms.katalon.core.keyword.internal.KeywordMain$runKeyword.call</property>
  <property name="testops-execution-stacktrace">com.kms.katalon.core.logging.KeywordLogger.logPassed(KeywordLogger.java:330)
com.kms.katalon.core.logging.KeywordLogger.logPassed(KeywordLogger.java:324)
cucumber.runtime.formatter.CucumberReporter.logResult(CucumberReporter.java:487)
cucumber.runtime.formatter.CucumberReporter.handleTestStepFinished(CucumberReporter.java:248)
cucumber.runtime.formatter.CucumberReporter.access$3(CucumberReporter.java:242)
cucumber.runtime.formatter.CucumberReporter$4.receive(CucumberReporter.java:87)
cucumber.runtime.formatter.CucumberReporter$4.receive(CucumberReporter.java:1)
cucumber.runner.AbstractEventPublisher.send(AbstractEventPublisher.java:45)
cucumber.runner.AbstractEventPublisher.sendAll(AbstractEventPublisher.java:52)
cucumber.runner.CanonicalOrderEventPublisher.handle(CanonicalOrderEventPublisher.java:18)
cucumber.runtime.formatter.Plugins$1.receive(Plugins.java:55)
cucumber.runner.AbstractEventPublisher.send(AbstractEventPublisher.java:38)
cucumber.runner.AbstractEventBus.send(AbstractEventBus.java:9)
cucumber.runner.TimeServiceEventBus.send(TimeServiceEventBus.java:3)
cucumber.runtime.Runtime.run(Runtime.java:98)
cucumber.api.cli.Main.run(Main.java:26)
cucumber.api.cli.Main$run.call(Unknown Source)
com.kms.katalon.core.cucumber.keyword.CucumberBuiltinKeywords$_runFeatureFile_closure1.doCall(CucumberBuiltinKeywords.groovy:106)
com.kms.katalon.core.cucumber.keyword.CucumberBuiltinKeywords$_runFeatureFile_closure1.doCall(CucumberBuiltinKeywords.groovy)
com.kms.katalon.core.keyword.internal.KeywordMain.runKeyword(KeywordMain.groovy:68)
com.kms.katalon.core.keyword.internal.KeywordMain$runKeyword.call(Unknown Source)
com.kms.katalon.core.cucumber.keyword.CucumberBuiltinKeywords.runFeatureFile(CucumberBuiltinKeywords.groovy:73)
com.kms.katalon.core.cucumber.keyword.CucumberBuiltinKeywords$runFeatureFile$0.callStatic(Unknown Source)
com.kms.katalon.core.cucumber.keyword.CucumberBuiltinKeywords.runFeatureFile(CucumberBuiltinKeywords.groovy:246)
com.kms.katalon.core.cucumber.keyword.CucumberBuiltinKeywords$runFeatureFile.call(Unknown Source)
VKN-e-Serbest Meslek Makbuzu-Kagit.run(VKN-e-Serbest Meslek Makbuzu-Kagit:19)
</property>
</record>
<record>
  <date>2021-11-12T11:14:33</date>
  <millis>1636704873268</millis>
  <sequence>40398</sequence>
  <level>END</level>
  <class>com.kms.katalon.core.logging.XmlKeywordLogger</class>
  <method>endKeyword</method>
  <thread>1</thread>
  <message>End End action : Tabloda yeni oluşturulan smm verisi başarılı mı</message>
  <nestedLevel>2</nestedLevel>
  <escapedJava>false</escapedJava>
  <property name="BDD_STEP_DURATION">830724700</property>
  <property name="BDD_STEP_STATUS">passed</property>
</record>
<record>
  <date>2021-11-12T11:14:33</date>
  <millis>1636704873268</millis>
  <sequence>40399</sequence>
  <level>START</level>
  <class>com.kms.katalon.core.logging.XmlKeywordLogger</class>
  <method>startKeyword</method>
  <thread>1</thread>
  <message>Start action : Kullanıcı işlemlerinden Çıkış seçilir</message>
  <nestedLevel>2</nestedLevel>
  <escapedJava>false</escapedJava>
  <property name="BDD_STEP_LINE">38</property>
  <property name="BDD_STEP_NAME">Kullanıcı işlemlerinden Çıkış seçilir</property>
  <property name="BDD_STEP_KEYWORD">* </property>
  <property name="BDD_STEP_UUID">70e78391-864c-47a4-85d3-f6afc4d429bb</property>
</record>
<record>
  <date>2021-11-12T11:14:33</date>
  <millis>1636704873268</millis>
  <sequence>40401</sequence>
  <level>PASSED</level>
  <class>com.kms.katalon.core.logging.XmlKeywordLogger</class>
  <method>logMessage</method>
  <thread>1</thread>
  <message>Kullanıcı işlemlerinden Çıkış seçilir</message>
  <nestedLevel>2</nestedLevel>
  <escapedJava>false</escapedJava>
  <property name="testops-method-name">com.kms.katalon.core.keyword.internal.KeywordMain$runKeyword.call</property>
  <property name="testops-execution-stacktrace">com.kms.katalon.core.logging.KeywordLogger.logPassed(KeywordLogger.java:330)
com.kms.katalon.core.logging.KeywordLogger.logPassed(KeywordLogger.java:324)
cucumber.runtime.formatter.CucumberReporter.logResult(CucumberReporter.java:487)
cucumber.runtime.formatter.CucumberReporter.handleTestStepFinished(CucumberReporter.java:248)
cucumber.runtime.formatter.CucumberReporter.access$3(CucumberReporter.java:242)
cucumber.runtime.formatter.CucumberReporter$4.receive(CucumberReporter.java:87)
cucumber.runtime.formatter.CucumberReporter$4.receive(CucumberReporter.java:1)
cucumber.runner.AbstractEventPublisher.send(AbstractEventPublisher.java:45)
cucumber.runner.AbstractEventPublisher.sendAll(AbstractEventPublisher.java:52)
cucumber.runner.CanonicalOrderEventPublisher.handle(CanonicalOrderEventPublisher.java:18)
cucumber.runtime.formatter.Plugins$1.receive(Plugins.java:55)
cucumber.runner.AbstractEventPublisher.send(AbstractEventPublisher.java:38)
cucumber.runner.AbstractEventBus.send(AbstractEventBus.java:9)
cucumber.runner.TimeServiceEventBus.send(TimeServiceEventBus.java:3)
cucumber.runtime.Runtime.run(Runtime.java:98)
cucumber.api.cli.Main.run(Main.java:26)
cucumber.api.cli.Main$run.call(Unknown Source)
com.kms.katalon.core.cucumber.keyword.CucumberBuiltinKeywords$_runFeatureFile_closure1.doCall(CucumberBuiltinKeywords.groovy:106)
com.kms.katalon.core.cucumber.keyword.CucumberBuiltinKeywords$_runFeatureFile_closure1.doCall(CucumberBuiltinKeywords.groovy)
com.kms.katalon.core.keyword.internal.KeywordMain.runKeyword(KeywordMain.groovy:68)
com.kms.katalon.core.keyword.internal.KeywordMain$runKeyword.call(Unknown Source)
com.kms.katalon.core.cucumber.keyword.CucumberBuiltinKeywords.runFeatureFile(CucumberBuiltinKeywords.groovy:73)
com.kms.katalon.core.cucumber.keyword.CucumberBuiltinKeywords$runFeatureFile$0.callStatic(Unknown Source)
com.kms.katalon.core.cucumber.keyword.CucumberBuiltinKeywords.runFeatureFile(CucumberBuiltinKeywords.groovy:246)
com.kms.katalon.core.cucumber.keyword.CucumberBuiltinKeywords$runFeatureFile.call(Unknown Source)
VKN-e-Serbest Meslek Makbuzu-Kagit.run(VKN-e-Serbest Meslek Makbuzu-Kagit:19)
</property>
</record>
<record>
  <date>2021-11-12T11:14:33</date>
  <millis>1636704873268</millis>
  <sequence>40402</sequence>
  <level>END</level>
  <class>com.kms.katalon.core.logging.XmlKeywordLogger</class>
  <method>endKeyword</method>
  <thread>1</thread>
  <message>End End action : Kullanıcı işlemlerinden Çıkış seçilir</message>
  <nestedLevel>2</nestedLevel>
  <escapedJava>false</escapedJava>
  <property name="BDD_STEP_DURATION">2989980800</property>
  <property name="BDD_STEP_STATUS">passed</property>
</record>
<record>
  <date>2021-11-12T11:14:33</date>
  <millis>1636704873269</millis>
  <sequence>40404</sequence>
  <level>PASSED</level>
  <class>com.kms.katalon.core.logging.XmlKeywordLogger</class>
  <method>logMessage</method>
  <thread>1</thread>
  <message>SCENARIO VKN ile e-Serbest Meslek Makbuzu Olusturulmasi ve Excele aktarilmasi</message>
  <nestedLevel>2</nestedLevel>
  <escapedJava>false</escapedJava>
  <property name="testops-method-name">com.kms.katalon.core.keyword.internal.KeywordMain$runKeyword.call</property>
  <property name="testops-execution-stacktrace">com.kms.katalon.core.logging.KeywordLogger.logPassed(KeywordLogger.java:330)
com.kms.katalon.core.logging.KeywordLogger.logPassed(KeywordLogger.java:324)
cucumber.runtime.formatter.CucumberReporter.logResult(CucumberReporter.java:487)
cucumber.runtime.formatter.CucumberReporter.access$8(CucumberReporter.java:484)
cucumber.runtime.formatter.CucumberReporter$8.receive(CucumberReporter.java:130)
cucumber.runtime.formatter.CucumberReporter$8.receive(CucumberReporter.java:1)
cucumber.runner.AbstractEventPublisher.send(AbstractEventPublisher.java:45)
cucumber.runner.AbstractEventPublisher.sendAll(AbstractEventPublisher.java:52)
cucumber.runner.CanonicalOrderEventPublisher.handle(CanonicalOrderEventPublisher.java:18)
cucumber.runtime.formatter.Plugins$1.receive(Plugins.java:55)
cucumber.runner.AbstractEventPublisher.send(AbstractEventPublisher.java:38)
cucumber.runner.AbstractEventBus.send(AbstractEventBus.java:9)
cucumber.runner.TimeServiceEventBus.send(TimeServiceEventBus.java:3)
cucumber.runtime.Runtime.run(Runtime.java:98)
cucumber.api.cli.Main.run(Main.java:26)
cucumber.api.cli.Main$run.call(Unknown Source)
com.kms.katalon.core.cucumber.keyword.CucumberBuiltinKeywords$_runFeatureFile_closure1.doCall(CucumberBuiltinKeywords.groovy:106)
com.kms.katalon.core.cucumber.keyword.CucumberBuiltinKeywords$_runFeatureFile_closure1.doCall(CucumberBuiltinKeywords.groovy)
com.kms.katalon.core.keyword.internal.KeywordMain.runKeyword(KeywordMain.groovy:68)
com.kms.katalon.core.keyword.internal.KeywordMain$runKeyword.call(Unknown Source)
com.kms.katalon.core.cucumber.keyword.CucumberBuiltinKeywords.runFeatureFile(CucumberBuiltinKeywords.groovy:73)
com.kms.katalon.core.cucumber.keyword.CucumberBuiltinKeywords$runFeatureFile$0.callStatic(Unknown Source)
com.kms.katalon.core.cucumber.keyword.CucumberBuiltinKeywords.runFeatureFile(CucumberBuiltinKeywords.groovy:246)
com.kms.katalon.core.cucumber.keyword.CucumberBuiltinKeywords$runFeatureFile.call(Unknown Source)
VKN-e-Serbest Meslek Makbuzu-Kagit.run(VKN-e-Serbest Meslek Makbuzu-Kagit:19)
</property>
</record>
<record>
  <date>2021-11-12T11:14:33</date>
  <millis>1636704873269</millis>
  <sequence>40405</sequence>
  <level>END</level>
  <class>com.kms.katalon.core.logging.XmlKeywordLogger</class>
  <method>endTest</method>
  <thread>1</thread>
  <message>End Test Case : SCENARIO VKN ile e-Serbest Meslek Makbuzu Olusturulmasi ve Excele aktarilmasi</message>
  <nestedLevel>1</nestedLevel>
  <escapedJava>false</escapedJava>
</record>
<record>
  <date>2021-11-12T11:14:33</date>
  <millis>1636704873285</millis>
  <sequence>40407</sequence>
  <level>PASSED</level>
  <class>com.kms.katalon.core.logging.XmlKeywordLogger</class>
  <method>logMessage</method>
  <thread>1</thread>
  <message>Feature file: &amp;apos;Include/features/Regresyon/e-Serbest Meslek Makbuzu/VKN-e-Serbest Meslek Makbuzu-Kagit.feature&amp;apos; was passed</message>
  <nestedLevel>1</nestedLevel>
  <escapedJava>false</escapedJava>
  <property name="testops-method-name">com.kms.katalon.core.keyword.internal.KeywordMain$runKeyword.call</property>
  <property name="testops-execution-stacktrace">com.kms.katalon.core.logging.KeywordLogger.logPassed(KeywordLogger.java:330)
com.kms.katalon.core.logging.KeywordLogger.logPassed(KeywordLogger.java:324)
com.kms.katalon.core.logging.KeywordLogger$logPassed$2.call(Unknown Source)
com.kms.katalon.core.cucumber.keyword.CucumberBuiltinKeywords$_runFeatureFile_closure1.doCall(CucumberBuiltinKeywords.groovy:110)
com.kms.katalon.core.cucumber.keyword.CucumberBuiltinKeywords$_runFeatureFile_closure1.doCall(CucumberBuiltinKeywords.groovy)
com.kms.katalon.core.keyword.internal.KeywordMain.runKeyword(KeywordMain.groovy:68)
com.kms.katalon.core.keyword.internal.KeywordMain$runKeyword.call(Unknown Source)
com.kms.katalon.core.cucumber.keyword.CucumberBuiltinKeywords.runFeatureFile(CucumberBuiltinKeywords.groovy:73)
com.kms.katalon.core.cucumber.keyword.CucumberBuiltinKeywords$runFeatureFile$0.callStatic(Unknown Source)
com.kms.katalon.core.cucumber.keyword.CucumberBuiltinKeywords.runFeatureFile(CucumberBuiltinKeywords.groovy:246)
com.kms.katalon.core.cucumber.keyword.CucumberBuiltinKeywords$runFeatureFile.call(Unknown Source)
VKN-e-Serbest Meslek Makbuzu-Kagit.run(VKN-e-Serbest Meslek Makbuzu-Kagit:19)
</property>
</record>
<record>
  <date>2021-11-12T11:14:33</date>
  <millis>1636704873285</millis>
  <sequence>40408</sequence>
  <level>END</level>
  <class>com.kms.katalon.core.logging.XmlKeywordLogger</class>
  <method>endKeyword</method>
  <thread>1</thread>
  <message>End action : runFeatureFile(&amp;quot;Include/features/Regresyon/e-Serbest Meslek Makbuzu/VKN-e-Serbest Meslek Makbuzu-Kagit.feature&amp;quot;)</message>
  <nestedLevel>1</nestedLevel>
  <escapedJava>false</escapedJava>
</record>
<record>
  <date>2021-11-12T11:14:33</date>
  <millis>1636704873285</millis>
  <sequence>40409</sequence>
  <level>PASSED</level>
  <class>com.kms.katalon.core.logging.XmlKeywordLogger</class>
  <method>logMessage</method>
  <thread>1</thread>
  <message>Test Cases/Case Repository/Regresyon/e-Serbest Meslek Makbuzu/VKN-e-Serbest Meslek Makbuzu-Kagit</message>
  <nestedLevel>1</nestedLevel>
  <escapedJava>false</escapedJava>
</record>
<record>
  <date>2021-11-12T11:14:33</date>
  <millis>1636704873285</millis>
  <sequence>40410</sequence>
  <level>START</level>
  <class>com.kms.katalon.core.logging.XmlKeywordLogger</class>
  <method>startKeyword</method>
  <thread>1</thread>
  <message>Start listener action : sampleAfterTestSuite</message>
  <nestedLevel>1</nestedLevel>
  <escapedJava>false</escapedJava>
</record>
<record>
  <date>2021-11-12T11:14:33</date>
  <millis>1636704873285</millis>
  <sequence>40411</sequence>
  <level>INFO</level>
  <class>com.kms.katalon.core.logging.XmlKeywordLogger</class>
  <method>logMessage</method>
  <thread>1</thread>
  <message>Starting invoke &amp;apos;com.kms.katalon.core.annotation.AfterTestCase&amp;apos; method: &amp;apos;Listener.sampleAfterTestSuite(...)&amp;apos;</message>
  <nestedLevel>1</nestedLevel>
  <escapedJava>false</escapedJava>
</record>
<record>
  <date>2021-11-12T11:14:33</date>
  <millis>1636704873285</millis>
  <sequence>40412</sequence>
  <level>START</level>
  <class>com.kms.katalon.core.logging.XmlKeywordLogger</class>
  <method>startKeyword</method>
  <thread>1</thread>
  <message>Start action : closeBrowser()</message>
  <nestedLevel>1</nestedLevel>
  <escapedJava>false</escapedJava>
  <property name="startLine">42</property>
  <property name="stepIndex">1</property>
</record>
<record>
  <date>2021-11-12T11:14:33</date>
  <millis>1636704873291</millis>
  <sequence>40413</sequence>
  <level>INFO</level>
  <class>com.kms.katalon.core.logging.XmlKeywordLogger</class>
  <method>logMessage</method>
  <thread>1</thread>
  <message>Closing browser</message>
  <nestedLevel>1</nestedLevel>
  <escapedJava>false</escapedJava>
</record>
<record>
  <date>2021-11-12T11:14:34</date>
  <millis>1636704874076</millis>
  <sequence>40414</sequence>
  <level>PASSED</level>
  <class>com.kms.katalon.core.logging.XmlKeywordLogger</class>
  <method>logMessage</method>
  <thread>1</thread>
  <message>Browser is closed</message>
  <nestedLevel>1</nestedLevel>
  <escapedJava>false</escapedJava>
  <property name="testops-method-name">com.kms.katalon.core.webui.keyword.builtin.CloseBrowserKeyword.closeBrowser</property>
  <property name="testops-execution-stacktrace"></property>
</record>
<record>
  <date>2021-11-12T11:14:34</date>
  <millis>1636704874077</millis>
  <sequence>40415</sequence>
  <level>INFO</level>
  <class>com.kms.katalon.core.logging.XmlKeywordLogger</class>
  <method>logMessage</method>
  <thread>1</thread>
  <message>Invoke &amp;apos;com.kms.katalon.core.annotation.AfterTestCase&amp;apos; method: &amp;apos;Listener.sampleAfterTestSuite(...)&amp;apos; completed.</message>
  <nestedLevel>1</nestedLevel>
  <escapedJava>false</escapedJava>
</record>
<record>
  <date>2021-11-12T11:14:34</date>
  <millis>1636704874077</millis>
  <sequence>40416</sequence>
  <level>END</level>
  <class>com.kms.katalon.core.logging.XmlKeywordLogger</class>
  <method>endKeyword</method>
  <thread>1</thread>
  <message>End action : closeBrowser()</message>
  <nestedLevel>1</nestedLevel>
  <escapedJava>false</escapedJava>
</record>
<record>
  <date>2021-11-12T11:14:34</date>
  <millis>1636704874078</millis>
  <sequence>40417</sequence>
  <level>END</level>
  <class>com.kms.katalon.core.logging.XmlKeywordLogger</class>
  <method>endKeyword</method>
  <thread>1</thread>
  <message>End listener action : sampleAfterTestSuite</message>
  <nestedLevel>1</nestedLevel>
  <escapedJava>false</escapedJava>
</record>
<record>
  <date>2021-11-12T11:14:34</date>
  <millis>1636704874079</millis>
  <sequence>40418</sequence>
  <level>END</level>
  <class>com.kms.katalon.core.logging.XmlKeywordLogger</class>
  <method>endTest</method>
  <thread>1</thread>
  <message>End Test Case : Test Cases/Case Repository/Regresyon/e-Serbest Meslek Makbuzu/VKN-e-Serbest Meslek Makbuzu-Kagit</message>
  <nestedLevel>0</nestedLevel>
  <escapedJava>false</escapedJava>
</record>
<record>
  <date>2021-11-12T11:14:34</date>
  <millis>1636704874082</millis>
  <sequence>40419</sequence>
  <level>START</level>
  <class>com.kms.katalon.core.logging.XmlKeywordLogger</class>
  <method>startKeyword</method>
  <thread>1</thread>
  <message>Start listener action : AfterTestSuite</message>
  <nestedLevel>0</nestedLevel>
  <escapedJava>false</escapedJava>
</record>
<record>
  <date>2021-11-12T11:14:34</date>
  <millis>1636704874083</millis>
  <sequence>40420</sequence>
  <level>INFO</level>
  <class>com.kms.katalon.core.logging.XmlKeywordLogger</class>
  <method>logMessage</method>
  <thread>1</thread>
  <message>Starting invoke &amp;apos;com.kms.katalon.core.annotation.AfterTestSuite&amp;apos; method: &amp;apos;Listener.AfterTestSuite(...)&amp;apos;</message>
  <nestedLevel>0</nestedLevel>
  <escapedJava>false</escapedJava>
</record>
<record>
  <date>2021-11-12T11:14:34</date>
  <millis>1636704874083</millis>
  <sequence>40421</sequence>
  <level>START</level>
  <class>com.kms.katalon.core.logging.XmlKeywordLogger</class>
  <method>startKeyword</method>
  <thread>1</thread>
  <message>Start action : Method.dosyalariSil(&amp;quot;C:\otomasyondownfiles&amp;quot;)</message>
  <nestedLevel>1</nestedLevel>
  <escapedJava>false</escapedJava>
  <property name="startLine">30</property>
  <property name="stepIndex">1</property>
</record>
<record>
  <date>2021-11-12T11:14:34</date>
  <millis>1636704874088</millis>
  <sequence>40422</sequence>
  <level>PASSED</level>
  <class>com.kms.katalon.core.logging.XmlKeywordLogger</class>
  <method>logMessage</method>
  <thread>1</thread>
  <message>Method.dosyalariSil is PASSED</message>
  <nestedLevel>0</nestedLevel>
  <escapedJava>false</escapedJava>
</record>
<record>
  <date>2021-11-12T11:14:34</date>
  <millis>1636704874088</millis>
  <sequence>40423</sequence>
  <level>INFO</level>
  <class>com.kms.katalon.core.logging.XmlKeywordLogger</class>
  <method>logMessage</method>
  <thread>1</thread>
  <message>Invoke &amp;apos;com.kms.katalon.core.annotation.AfterTestSuite&amp;apos; method: &amp;apos;Listener.AfterTestSuite(...)&amp;apos; completed.</message>
  <nestedLevel>0</nestedLevel>
  <escapedJava>false</escapedJava>
</record>
<record>
  <date>2021-11-12T11:14:34</date>
  <millis>1636704874089</millis>
  <sequence>40424</sequence>
  <level>END</level>
  <class>com.kms.katalon.core.logging.XmlKeywordLogger</class>
  <method>endKeyword</method>
  <thread>1</thread>
  <message>End action : Method.dosyalariSil(&amp;quot;C:\otomasyondownfiles&amp;quot;)</message>
  <nestedLevel>1</nestedLevel>
  <escapedJava>false</escapedJava>
</record>
<record>
  <date>2021-11-12T11:14:34</date>
  <millis>1636704874089</millis>
  <sequence>40425</sequence>
  <level>END</level>
  <class>com.kms.katalon.core.logging.XmlKeywordLogger</class>
  <method>endKeyword</method>
  <thread>1</thread>
  <message>End listener action : AfterTestSuite</message>
  <nestedLevel>0</nestedLevel>
  <escapedJava>false</escapedJava>
</record>
<record>
  <date>2021-11-12T11:14:34</date>
  <millis>1636704874089</millis>
  <sequence>40426</sequence>
  <level>START</level>
  <class>com.kms.katalon.core.logging.XmlKeywordLogger</class>
  <method>startKeyword</method>
  <thread>1</thread>
  <message>Start listener action : exportKatalonReports</message>
  <nestedLevel>0</nestedLevel>
  <escapedJava>false</escapedJava>
</record>
<record>
  <date>2021-11-12T11:14:34</date>
  <millis>1636704874089</millis>
  <sequence>40427</sequence>
  <level>INFO</level>
  <class>com.kms.katalon.core.logging.XmlKeywordLogger</class>
  <method>logMessage</method>
  <thread>1</thread>
  <message>Starting invoke &amp;apos;com.kms.katalon.core.annotation.AfterTestSuite&amp;apos; method: &amp;apos;KatalonReportListener.exportKatalonReports(...)&amp;apos;</message>
  <nestedLevel>0</nestedLevel>
  <escapedJava>false</escapedJava>
</record>
<record>
  <date>2021-11-12T11:14:37</date>
  <millis>1636704877368</millis>
  <sequence>79637</sequence>
  <level>INFO</level>
  <class>com.kms.katalon.core.logging.XmlKeywordLogger</class>
  <method>logMessage</method>
  <thread>1</thread>
  <message>Start generating HTML report folder at: C:\Users\DELL\Documents\GitHub\EES_KatalonLogo\Reports\20211112_103406\Suite Repository\Regresyon-eArsiv-eMakbuz\20211112_103441...</message>
  <nestedLevel>0</nestedLevel>
  <escapedJava>false</escapedJava>
</record>
<record>
  <date>2021-11-12T11:14:37</date>
  <millis>1636704877705</millis>
  <sequence>79638</sequence>
  <level>INFO</level>
  <class>com.kms.katalon.core.logging.XmlKeywordLogger</class>
  <method>logMessage</method>
  <thread>1</thread>
  <message>HTML report generated</message>
  <nestedLevel>0</nestedLevel>
  <escapedJava>false</escapedJava>
</record>
<record>
  <date>2021-11-12T11:14:37</date>
  <millis>1636704877706</millis>
  <sequence>79639</sequence>
  <level>INFO</level>
  <class>com.kms.katalon.core.logging.XmlKeywordLogger</class>
  <method>logMessage</method>
  <thread>1</thread>
  <message>Start generating CSV report folder at: C:\Users\DELL\Documents\GitHub\EES_KatalonLogo\Reports\20211112_103406\Suite Repository\Regresyon-eArsiv-eMakbuz\20211112_103441...</message>
  <nestedLevel>0</nestedLevel>
  <escapedJava>false</escapedJava>
</record>
<record>
  <date>2021-11-12T11:14:37</date>
  <millis>1636704877797</millis>
  <sequence>79640</sequence>
  <level>INFO</level>
  <class>com.kms.katalon.core.logging.XmlKeywordLogger</class>
  <method>logMessage</method>
  <thread>1</thread>
  <message>CSV report generated</message>
  <nestedLevel>0</nestedLevel>
  <escapedJava>false</escapedJava>
</record>
<record>
  <date>2021-11-12T11:14:37</date>
  <millis>1636704877797</millis>
  <sequence>79641</sequence>
  <level>INFO</level>
  <class>com.kms.katalon.core.logging.XmlKeywordLogger</class>
  <method>logMessage</method>
  <thread>1</thread>
  <message>Start generating PDF report folder at: C:\Users\DELL\Documents\GitHub\EES_KatalonLogo\Reports\20211112_103406\Suite Repository\Regresyon-eArsiv-eMakbuz\20211112_103441...</message>
  <nestedLevel>0</nestedLevel>
  <escapedJava>false</escapedJava>
</record>
<record>
  <date>2021-11-12T11:14:50</date>
  <millis>1636704890969</millis>
  <sequence>79642</sequence>
  <level>INFO</level>
  <class>com.kms.katalon.core.logging.XmlKeywordLogger</class>
  <method>logMessage</method>
  <thread>1</thread>
  <message>PDF report generated</message>
  <nestedLevel>0</nestedLevel>
  <escapedJava>false</escapedJava>
</record>
<record>
  <date>2021-11-12T11:14:52</date>
  <millis>1636704892321</millis>
  <sequence>79643</sequence>
  <level>INFO</level>
  <class>com.kms.katalon.core.logging.XmlKeywordLogger</class>
  <method>logMessage</method>
  <thread>1</thread>
  <message>Invoke &amp;apos;com.kms.katalon.core.annotation.AfterTestSuite&amp;apos; method: &amp;apos;KatalonReportListener.exportKatalonReports(...)&amp;apos; completed.</message>
  <nestedLevel>0</nestedLevel>
  <escapedJava>false</escapedJava>
</record>
<record>
  <date>2021-11-12T11:14:52</date>
  <millis>1636704892321</millis>
  <sequence>79644</sequence>
  <level>END</level>
  <class>com.kms.katalon.core.logging.XmlKeywordLogger</class>
  <method>endKeyword</method>
  <thread>1</thread>
  <message>End listener action : exportKatalonReports</message>
  <nestedLevel>0</nestedLevel>
  <escapedJava>false</escapedJava>
</record>
<record>
  <date>2021-11-12T11:14:52</date>
  <millis>1636704892322</millis>
  <sequence>79645</sequence>
  <level>END</level>
  <class>com.kms.katalon.core.logging.XmlKeywordLogger</class>
  <method>endSuite</method>
  <thread>1</thread>
  <message>End Test Suite : Test Suites/Suite Repository/Regresyon-eArsiv-eMakbuz</message>
  <nestedLevel>0</nestedLevel>
  <escapedJava>false</escapedJava>
</record>
</log>
